<?xml version="1.0" encoding="UTF-8"?>
<!-- Generated by org.testng.reporters.JUnitXMLReporter -->
<testsuite hostname="WELCOME" name="GroupingTutorial" tests="1" failures="0" timestamp="13 May 2016 19:19:45 GMT" time="0.052" errors="0">
  <testcase name="@BeforeGroups Login" time="0.0" classname="SeleniumTests.Class4">
    <failure type="java.lang.AssertionError" message="expected [Login Success] but found [Login Success Class 4]">
      <![CDATA[java.lang.AssertionError: expected [Login Success] but found [Login Success Class 4]
	at SeleniumTests.Class4.Login(Class4.java:14)
... Removed 33 stack frames]]>
    </failure>
  </testcase> <!-- @BeforeGroups Login -->
  <testcase name="RunWeekly" time="0.006" classname="SeleniumTests.Class4">
    <skipped/>
  </testcase> <!-- RunWeekly -->
</testsuite> <!-- GroupingTutorial -->
